src/build/app/intermediates/manifest_merge_blame_file/release/manifest-merger-blame-release-report.txt
1<?xml version="1.0" encoding="utf-8"?>
2<manifest xmlns:android="http://schemas.android.com/apk/res/android"
3    package="com.vethx.hatchery.dev"
4    android:versionCode="2"
5    android:versionName="0.0.0" >
6
7    <uses-sdk
8        android:minSdkVersion="18"
8-->src/main/AndroidManifest.xml
9        android:targetSdkVersion="30" />
9-->src/main/AndroidManifest.xml
10
11    <uses-permission android:name="android.permission.INTERNET" />
11-->[:google_sign_in] AndroidManifest.xml:7:5-67
11-->[:google_sign_in] AndroidManifest.xml:7:22-64
12    <uses-permission android:name="android.permission.USE_FINGERPRINT" />
12-->[:local_auth] AndroidManifest.xml:9:5-74
12-->[:local_auth] AndroidManifest.xml:9:22-71
13    <uses-permission android:name="android.permission.USE_BIOMETRIC" />
13-->[androidx.biometric:biometric:1.1.0] AndroidManifest.xml:24:5-72
13-->[androidx.biometric:biometric:1.1.0] AndroidManifest.xml:24:22-69
14    <uses-permission android:name="android.permission.ACCESS_NETWORK_STATE" />
14-->[com.google.firebase:firebase-auth:21.0.1] AndroidManifest.xml:24:5-79
14-->[com.google.firebase:firebase-auth:21.0.1] AndroidManifest.xml:24:22-76
15    <uses-permission android:name="android.permission.WAKE_LOCK" />
15-->[com.google.android.gms:play-services-measurement:19.0.1] AndroidManifest.xml:25:5-68
15-->[com.google.android.gms:play-services-measurement:19.0.1] AndroidManifest.xml:25:22-65
16    <uses-permission android:name="com.google.android.finsky.permission.BIND_GET_INSTALL_REFERRER_SERVICE" />
16-->[com.google.android.gms:play-services-measurement:19.0.1] AndroidManifest.xml:26:5-110
16-->[com.google.android.gms:play-services-measurement:19.0.1] AndroidManifest.xml:26:22-107
17
18    <application
18-->src/main/AndroidManifest.xml:3:4-40:19
19        android:name="androidx.multidex.MultiDexApplication"
20        android:appComponentFactory="androidx.core.app.CoreComponentFactory"
20-->[androidx.core:core:1.3.2] AndroidManifest.xml:24:18-86
21        android:icon="@mipmap/ic_launcher"
21-->src/main/AndroidManifest.xml:5:9-43
22        android:label="@string/app_name" >
22-->src/main/AndroidManifest.xml:4:9-41
23        <activity
23-->src/main/AndroidManifest.xml:6:9-34:20
24            android:name="com.vethx.hatchery.MainActivity"
24-->src/main/AndroidManifest.xml:7:13-41
25            android:configChanges="orientation|keyboardHidden|keyboard|screenSize|smallestScreenSize|locale|layoutDirection|fontScale|screenLayout|density|uiMode"
25-->src/main/AndroidManifest.xml:10:13-163
26            android:hardwareAccelerated="true"
26-->src/main/AndroidManifest.xml:11:13-47
27            android:launchMode="singleTop"
27-->src/main/AndroidManifest.xml:8:13-43
28            android:theme="@style/LaunchTheme"
28-->src/main/AndroidManifest.xml:9:13-47
29            android:windowSoftInputMode="adjustResize" >
29-->src/main/AndroidManifest.xml:12:13-55
30
31            <!--
32                 Specifies an Android theme to apply to this Activity as soon as
33                 the Android process has started. This theme is visible to the user
34                 while the Flutter UI initializes. After that, this theme continues
35                 to determine the Window background behind the Flutter UI.
36            -->
37            <meta-data
37-->src/main/AndroidManifest.xml:17:13-20:17
38                android:name="io.flutter.embedding.android.NormalTheme"
38-->src/main/AndroidManifest.xml:18:15-70
39                android:resource="@style/NormalTheme" />
39-->src/main/AndroidManifest.xml:19:15-52
40            <!--
41                 Displays an Android View that continues showing the launch screen
42                 Drawable until Flutter paints its first frame, then this splash
43                 screen fades out. A splash screen is useful to avoid any visual
44                 gap between the end of Android's launch screen and the painting of
45                 Flutter's first frame.
46            -->
47            <meta-data
47-->src/main/AndroidManifest.xml:26:13-29:17
48                android:name="io.flutter.embedding.android.SplashScreenDrawable"
48-->src/main/AndroidManifest.xml:27:15-79
49                android:resource="@drawable/launch_background" />
49-->src/main/AndroidManifest.xml:28:15-61
50
51            <intent-filter>
51-->src/main/AndroidManifest.xml:30:13-33:29
52                <action android:name="android.intent.action.MAIN" />
52-->src/main/AndroidManifest.xml:31:17-68
52-->src/main/AndroidManifest.xml:31:25-66
53
54                <category android:name="android.intent.category.LAUNCHER" />
54-->src/main/AndroidManifest.xml:32:17-76
54-->src/main/AndroidManifest.xml:32:27-74
55            </intent-filter>
56        </activity>
57        <!--
58             Don't delete the meta-data below.
59             This is used by the Flutter tool to generate GeneratedPluginRegistrant.java
60        -->
61        <meta-data
61-->src/main/AndroidManifest.xml:37:9-39:33
62            android:name="flutterEmbedding"
62-->src/main/AndroidManifest.xml:38:13-44
63            android:value="2" />
63-->src/main/AndroidManifest.xml:39:13-30
64
65        <service
65-->[:firebase_auth] AndroidManifest.xml:8:9-12:19
66            android:name="com.google.firebase.components.ComponentDiscoveryService"
66-->[:firebase_auth] AndroidManifest.xml:8:18-89
67            android:directBootAware="true"
67-->[com.google.firebase:firebase-common:20.0.0] AndroidManifest.xml:35:13-43
68            android:exported="false" >
68-->[com.google.firebase:firebase-auth:21.0.1] AndroidManifest.xml:76:13-37
69            <meta-data
69-->[:firebase_auth] AndroidManifest.xml:9:13-11:85
70                android:name="com.google.firebase.components:io.flutter.plugins.firebase.auth.FlutterFirebaseAuthRegistrar"
70-->[:firebase_auth] AndroidManifest.xml:10:17-124
71                android:value="com.google.firebase.components.ComponentRegistrar" />
71-->[:firebase_auth] AndroidManifest.xml:11:17-82
72            <meta-data
72-->[:firebase_core] AndroidManifest.xml:9:13-11:85
73                android:name="com.google.firebase.components:io.flutter.plugins.firebase.core.FlutterFirebaseCoreRegistrar"
73-->[:firebase_core] AndroidManifest.xml:10:17-124
74                android:value="com.google.firebase.components.ComponentRegistrar" />
74-->[:firebase_core] AndroidManifest.xml:11:17-82
75            <meta-data
75-->[com.google.firebase:firebase-auth:21.0.1] AndroidManifest.xml:77:13-79:85
76                android:name="com.google.firebase.components:com.google.firebase.auth.FirebaseAuthRegistrar"
76-->[com.google.firebase:firebase-auth:21.0.1] AndroidManifest.xml:78:17-109
77                android:value="com.google.firebase.components.ComponentRegistrar" />
77-->[com.google.firebase:firebase-auth:21.0.1] AndroidManifest.xml:79:17-82
78            <meta-data
78-->[com.google.android.gms:play-services-measurement-api:19.0.1] AndroidManifest.xml:30:13-32:85
79                android:name="com.google.firebase.components:com.google.firebase.analytics.connector.internal.AnalyticsConnectorRegistrar"
79-->[com.google.android.gms:play-services-measurement-api:19.0.1] AndroidManifest.xml:31:17-139
80                android:value="com.google.firebase.components.ComponentRegistrar" />
80-->[com.google.android.gms:play-services-measurement-api:19.0.1] AndroidManifest.xml:32:17-82
81            <meta-data
81-->[com.google.firebase:firebase-installations:17.0.0] AndroidManifest.xml:18:13-20:85
82                android:name="com.google.firebase.components:com.google.firebase.installations.FirebaseInstallationsRegistrar"
82-->[com.google.firebase:firebase-installations:17.0.0] AndroidManifest.xml:19:17-127
83                android:value="com.google.firebase.components.ComponentRegistrar" />
83-->[com.google.firebase:firebase-installations:17.0.0] AndroidManifest.xml:20:17-82
84        </service>
85
86        <activity
86-->[com.google.android.gms:play-services-auth:16.0.1] AndroidManifest.xml:23:9-27:75
87            android:name="com.google.android.gms.auth.api.signin.internal.SignInHubActivity"
87-->[com.google.android.gms:play-services-auth:16.0.1] AndroidManifest.xml:24:13-93
88            android:excludeFromRecents="true"
88-->[com.google.android.gms:play-services-auth:16.0.1] AndroidManifest.xml:25:13-46
89            android:exported="false"
89-->[com.google.android.gms:play-services-auth:16.0.1] AndroidManifest.xml:26:13-37
90            android:theme="@android:style/Theme.Translucent.NoTitleBar" />
90-->[com.google.android.gms:play-services-auth:16.0.1] AndroidManifest.xml:27:13-72
91        <!--
92            Service handling Google Sign-In user revocation. For apps that do not integrate with
93            Google Sign-In, this service will never be started.
94        -->
95        <service
95-->[com.google.android.gms:play-services-auth:16.0.1] AndroidManifest.xml:33:9-36:110
96            android:name="com.google.android.gms.auth.api.signin.RevocationBoundService"
96-->[com.google.android.gms:play-services-auth:16.0.1] AndroidManifest.xml:34:13-89
97            android:exported="true"
97-->[com.google.android.gms:play-services-auth:16.0.1] AndroidManifest.xml:35:13-36
98            android:permission="com.google.android.gms.auth.api.signin.permission.REVOCATION_NOTIFICATION" />
98-->[com.google.android.gms:play-services-auth:16.0.1] AndroidManifest.xml:36:13-107
99
100        <activity
100-->[com.google.firebase:firebase-auth:21.0.1] AndroidManifest.xml:27:9-44:20
101            android:name="com.google.firebase.auth.internal.GenericIdpActivity"
101-->[com.google.firebase:firebase-auth:21.0.1] AndroidManifest.xml:28:13-80
102            android:excludeFromRecents="true"
102-->[com.google.firebase:firebase-auth:21.0.1] AndroidManifest.xml:29:13-46
103            android:exported="true"
103-->[com.google.firebase:firebase-auth:21.0.1] AndroidManifest.xml:30:13-36
104            android:launchMode="singleTask"
104-->[com.google.firebase:firebase-auth:21.0.1] AndroidManifest.xml:31:13-44
105            android:theme="@android:style/Theme.Translucent.NoTitleBar" >
105-->[com.google.firebase:firebase-auth:21.0.1] AndroidManifest.xml:32:13-72
106            <intent-filter>
106-->[com.google.firebase:firebase-auth:21.0.1] AndroidManifest.xml:33:13-43:29
107                <action android:name="android.intent.action.VIEW" />
107-->[com.google.firebase:firebase-auth:21.0.1] AndroidManifest.xml:34:17-69
107-->[com.google.firebase:firebase-auth:21.0.1] AndroidManifest.xml:34:25-66
108
109                <category android:name="android.intent.category.DEFAULT" />
109-->[com.google.firebase:firebase-auth:21.0.1] AndroidManifest.xml:36:17-76
109-->[com.google.firebase:firebase-auth:21.0.1] AndroidManifest.xml:36:27-73
110                <category android:name="android.intent.category.BROWSABLE" />
110-->[com.google.firebase:firebase-auth:21.0.1] AndroidManifest.xml:37:17-78
110-->[com.google.firebase:firebase-auth:21.0.1] AndroidManifest.xml:37:27-75
111
112                <data
112-->[com.google.firebase:firebase-auth:21.0.1] AndroidManifest.xml:39:17-42:51
113                    android:host="firebase.auth"
113-->[com.google.firebase:firebase-auth:21.0.1] AndroidManifest.xml:40:21-49
114                    android:path="/"
114-->[com.google.firebase:firebase-auth:21.0.1] AndroidManifest.xml:41:21-37
115                    android:scheme="genericidp" />
115-->[com.google.firebase:firebase-auth:21.0.1] AndroidManifest.xml:42:21-48
116            </intent-filter>
117        </activity>
118        <activity
118-->[com.google.firebase:firebase-auth:21.0.1] AndroidManifest.xml:45:9-62:20
119            android:name="com.google.firebase.auth.internal.RecaptchaActivity"
119-->[com.google.firebase:firebase-auth:21.0.1] AndroidManifest.xml:46:13-79
120            android:excludeFromRecents="true"
120-->[com.google.firebase:firebase-auth:21.0.1] AndroidManifest.xml:47:13-46
121            android:exported="true"
121-->[com.google.firebase:firebase-auth:21.0.1] AndroidManifest.xml:48:13-36
122            android:launchMode="singleTask"
122-->[com.google.firebase:firebase-auth:21.0.1] AndroidManifest.xml:49:13-44
123            android:theme="@android:style/Theme.Translucent.NoTitleBar" >
123-->[com.google.firebase:firebase-auth:21.0.1] AndroidManifest.xml:50:13-72
124            <intent-filter>
124-->[com.google.firebase:firebase-auth:21.0.1] AndroidManifest.xml:51:13-61:29
125                <action android:name="android.intent.action.VIEW" />
125-->[com.google.firebase:firebase-auth:21.0.1] AndroidManifest.xml:34:17-69
125-->[com.google.firebase:firebase-auth:21.0.1] AndroidManifest.xml:34:25-66
126
127                <category android:name="android.intent.category.DEFAULT" />
127-->[com.google.firebase:firebase-auth:21.0.1] AndroidManifest.xml:36:17-76
127-->[com.google.firebase:firebase-auth:21.0.1] AndroidManifest.xml:36:27-73
128                <category android:name="android.intent.category.BROWSABLE" />
128-->[com.google.firebase:firebase-auth:21.0.1] AndroidManifest.xml:37:17-78
128-->[com.google.firebase:firebase-auth:21.0.1] AndroidManifest.xml:37:27-75
129
130                <data
130-->[com.google.firebase:firebase-auth:21.0.1] AndroidManifest.xml:39:17-42:51
131                    android:host="firebase.auth"
131-->[com.google.firebase:firebase-auth:21.0.1] AndroidManifest.xml:40:21-49
132                    android:path="/"
132-->[com.google.firebase:firebase-auth:21.0.1] AndroidManifest.xml:41:21-37
133                    android:scheme="recaptcha" />
133-->[com.google.firebase:firebase-auth:21.0.1] AndroidManifest.xml:42:21-48
134            </intent-filter>
135        </activity>
136
137        <service
137-->[com.google.firebase:firebase-auth:21.0.1] AndroidManifest.xml:64:9-73:19
138            android:name="com.google.firebase.auth.api.fallback.service.FirebaseAuthFallbackService"
138-->[com.google.firebase:firebase-auth:21.0.1] AndroidManifest.xml:65:13-101
139            android:enabled="true"
139-->[com.google.firebase:firebase-auth:21.0.1] AndroidManifest.xml:66:13-35
140            android:exported="false" >
140-->[com.google.firebase:firebase-auth:21.0.1] AndroidManifest.xml:67:13-37
141            <intent-filter>
141-->[com.google.firebase:firebase-auth:21.0.1] AndroidManifest.xml:68:13-72:29
142                <action android:name="com.google.firebase.auth.api.gms.service.START" />
142-->[com.google.firebase:firebase-auth:21.0.1] AndroidManifest.xml:69:17-89
142-->[com.google.firebase:firebase-auth:21.0.1] AndroidManifest.xml:69:25-86
143
144                <category android:name="android.intent.category.DEFAULT" />
144-->[com.google.firebase:firebase-auth:21.0.1] AndroidManifest.xml:36:17-76
144-->[com.google.firebase:firebase-auth:21.0.1] AndroidManifest.xml:36:27-73
145            </intent-filter>
146        </service>
147
148        <activity
148-->[com.google.android.gms:play-services-base:17.1.0] AndroidManifest.xml:23:9-26:75
149            android:name="com.google.android.gms.common.api.GoogleApiActivity"
149-->[com.google.android.gms:play-services-base:17.1.0] AndroidManifest.xml:24:13-79
150            android:exported="false"
150-->[com.google.android.gms:play-services-base:17.1.0] AndroidManifest.xml:25:13-37
151            android:theme="@android:style/Theme.Translucent.NoTitleBar" />
151-->[com.google.android.gms:play-services-base:17.1.0] AndroidManifest.xml:26:13-72
152
153        <receiver
153-->[com.google.android.gms:play-services-measurement:19.0.1] AndroidManifest.xml:29:9-33:20
154            android:name="com.google.android.gms.measurement.AppMeasurementReceiver"
154-->[com.google.android.gms:play-services-measurement:19.0.1] AndroidManifest.xml:30:13-85
155            android:enabled="true"
155-->[com.google.android.gms:play-services-measurement:19.0.1] AndroidManifest.xml:31:13-35
156            android:exported="false" >
156-->[com.google.android.gms:play-services-measurement:19.0.1] AndroidManifest.xml:32:13-37
157        </receiver>
158
159        <service
159-->[com.google.android.gms:play-services-measurement:19.0.1] AndroidManifest.xml:35:9-38:40
160            android:name="com.google.android.gms.measurement.AppMeasurementService"
160-->[com.google.android.gms:play-services-measurement:19.0.1] AndroidManifest.xml:36:13-84
161            android:enabled="true"
161-->[com.google.android.gms:play-services-measurement:19.0.1] AndroidManifest.xml:37:13-35
162            android:exported="false" />
162-->[com.google.android.gms:play-services-measurement:19.0.1] AndroidManifest.xml:38:13-37
163        <service
163-->[com.google.android.gms:play-services-measurement:19.0.1] AndroidManifest.xml:39:9-43:72
164            android:name="com.google.android.gms.measurement.AppMeasurementJobService"
164-->[com.google.android.gms:play-services-measurement:19.0.1] AndroidManifest.xml:40:13-87
165            android:enabled="true"
165-->[com.google.android.gms:play-services-measurement:19.0.1] AndroidManifest.xml:41:13-35
166            android:exported="false"
166-->[com.google.android.gms:play-services-measurement:19.0.1] AndroidManifest.xml:42:13-37
167            android:permission="android.permission.BIND_JOB_SERVICE" />
167-->[com.google.android.gms:play-services-measurement:19.0.1] AndroidManifest.xml:43:13-69
168
169        <provider
169-->[com.google.firebase:firebase-common:20.0.0] AndroidManifest.xml:26:9-31:39
170            android:name="com.google.firebase.provider.FirebaseInitProvider"
170-->[com.google.firebase:firebase-common:20.0.0] AndroidManifest.xml:27:13-77
171            android:authorities="com.vethx.hatchery.dev.firebaseinitprovider"
171-->[com.google.firebase:firebase-common:20.0.0] AndroidManifest.xml:28:13-72
172            android:directBootAware="true"
172-->[com.google.firebase:firebase-common:20.0.0] AndroidManifest.xml:29:13-43
173            android:exported="false"
173-->[com.google.firebase:firebase-common:20.0.0] AndroidManifest.xml:30:13-37
174            android:initOrder="100" />
174-->[com.google.firebase:firebase-common:20.0.0] AndroidManifest.xml:31:13-36
175
176        <meta-data
176-->[com.google.android.gms:play-services-basement:17.1.0] AndroidManifest.xml:23:9-25:69
177            android:name="com.google.android.gms.version"
177-->[com.google.android.gms:play-services-basement:17.1.0] AndroidManifest.xml:24:13-58
178            android:value="@integer/google_play_services_version" />
178-->[com.google.android.gms:play-services-basement:17.1.0] AndroidManifest.xml:25:13-66
179    </application>
180
181</manifest>